<?xml version="1.0" encoding="UTF-8"?>
<!-- Generated by org.testng.reporters.JUnitReportReporter -->
<testsuite skipped="0" hostname="DESKTOP-EVV4RUL" name="test.day2" tests="1" failures="0" timestamp="10 Oct 2018 05:36:40 GMT" time="0.012" errors="0">
  <testcase name="Login" time="0.012" classname="test.day2"/>
</testsuite> <!-- test.day2 -->
