<?xml version="1.0" encoding="UTF-8"?>
<!-- Generated by org.testng.reporters.JUnitReportReporter -->
<testsuite skipped="0" hostname="DESKTOP-EVV4RUL" name="test.MultipleTest" tests="5" failures="0" timestamp="30 Oct 2018 07:42:16 GMT" time="0.020" errors="0">
  <testcase name="FirstTest" time="0.014" classname="test.MultipleTest"/>
  <testcase name="test1" time="0.002" classname="test.MultipleTest"/>
  <testcase name="secondTest" time="0.002" classname="test.MultipleTest"/>
  <testcase name="thirdTest" time="0.001" classname="test.MultipleTest"/>
  <testcase name="fourTest" time="0.001" classname="test.MultipleTest"/>
</testsuite> <!-- test.MultipleTest -->
