<?xml version="1.0" encoding="UTF-8"?>
<!-- Generated by org.testng.reporters.JUnitReportReporter -->
<testsuite skipped="0" hostname="DESKTOP-EVV4RUL" name="test.Demo1" tests="4" failures="0" timestamp="30 Oct 2018 15:39:10 GMT" time="0.010" errors="0">
  <testcase name="test2" time="0.002" classname="test.Demo1"/>
  <testcase name="test2" time="0.001" classname="test.Demo1"/>
  <testcase name="test2" time="0.002" classname="test.Demo1"/>
  <testcase name="test1" time="0.005" classname="test.Demo1"/>
</testsuite> <!-- test.Demo1 -->
