<?xml version="1.0" encoding="UTF-8"?>
<!-- Generated by org.testng.reporters.JUnitReportReporter -->
<testsuite skipped="0" hostname="DESKTOP-EVV4RUL" name="test.day4" tests="2" failures="0" timestamp="30 Oct 2018 15:39:10 GMT" time="0.003" errors="0">
  <testcase name="Login" time="0.002" classname="test.day4"/>
  <testcase name="Register" time="0.001" classname="test.day4"/>
</testsuite> <!-- test.day4 -->
